C:\Users\user\Desktop\평일_박유진_c\workspace\Day02(191224)\Day02(191224)\Debug\cl.command.1.tlog
C:\Users\user\Desktop\평일_박유진_c\workspace\Day02(191224)\Day02(191224)\Debug\CL.read.1.tlog
C:\Users\user\Desktop\평일_박유진_c\workspace\Day02(191224)\Day02(191224)\Debug\CL.write.1.tlog
C:\USERS\USER\DESKTOP\평일_박유진_C\WORKSPACE\DAY02(191224)\DAY02(191224)\DEBUG\DAY02(191224).EXE.EMBED.MANIFEST
C:\USERS\USER\DESKTOP\평일_박유진_C\WORKSPACE\DAY02(191224)\DAY02(191224)\DEBUG\DAY02(191224).EXE.EMBED.MANIFEST.RES
C:\USERS\USER\DESKTOP\평일_박유진_C\WORKSPACE\DAY02(191224)\DAY02(191224)\DEBUG\DAY02(191224).EXE.INTERMEDIATE.MANIFEST
C:\Users\user\Desktop\평일_박유진_c\workspace\Day02(191224)\Day02(191224)\Debug\Day02(191224).write.1.tlog
C:\Users\user\Desktop\평일_박유진_c\workspace\Day02(191224)\Day02(191224)\Debug\Day02(191224)_manifest.rc
C:\Users\user\Desktop\평일_박유진_c\workspace\Day02(191224)\Day02(191224)\Debug\link.6480.read.1.tlog
C:\Users\user\Desktop\평일_박유진_c\workspace\Day02(191224)\Day02(191224)\Debug\link.6480.write.1.tlog
C:\Users\user\Desktop\평일_박유진_c\workspace\Day02(191224)\Day02(191224)\Debug\link.6480-cvtres.read.1.tlog
C:\Users\user\Desktop\평일_박유진_c\workspace\Day02(191224)\Day02(191224)\Debug\link.6480-cvtres.write.1.tlog
C:\Users\user\Desktop\평일_박유진_c\workspace\Day02(191224)\Day02(191224)\Debug\link.command.1.tlog
C:\Users\user\Desktop\평일_박유진_c\workspace\Day02(191224)\Day02(191224)\Debug\link.read.1.tlog
C:\Users\user\Desktop\평일_박유진_c\workspace\Day02(191224)\Day02(191224)\Debug\link.write.1.tlog
C:\Users\user\Desktop\평일_박유진_c\workspace\Day02(191224)\Day02(191224)\Debug\link-cvtres.read.1.tlog
C:\Users\user\Desktop\평일_박유진_c\workspace\Day02(191224)\Day02(191224)\Debug\link-cvtres.write.1.tlog
C:\USERS\USER\DESKTOP\평일_박유진_C\WORKSPACE\DAY02(191224)\DAY02(191224)\DEBUG\MAIN.OBJ
C:\Users\user\Desktop\평일_박유진_c\workspace\Day02(191224)\Day02(191224)\Debug\mt.command.1.tlog
C:\Users\user\Desktop\평일_박유진_c\workspace\Day02(191224)\Day02(191224)\Debug\mt.read.1.tlog
C:\Users\user\Desktop\평일_박유진_c\workspace\Day02(191224)\Day02(191224)\Debug\mt.write.1.tlog
C:\Users\user\Desktop\평일_박유진_c\workspace\Day02(191224)\Day02(191224)\Debug\rc.command.1.tlog
C:\Users\user\Desktop\평일_박유진_c\workspace\Day02(191224)\Day02(191224)\Debug\rc.read.1.tlog
C:\Users\user\Desktop\평일_박유진_c\workspace\Day02(191224)\Day02(191224)\Debug\rc.write.1.tlog
C:\Users\user\Desktop\평일_박유진_c\workspace\Day02(191224)\Day02(191224)\Debug\vc100.idb
C:\USERS\USER\DESKTOP\평일_박유진_C\WORKSPACE\DAY02(191224)\DAY02(191224)\DEBUG\VC100.PDB
C:\USERS\USER\DESKTOP\평일_박유진_C\WORKSPACE\DAY02(191224)\DEBUG\DAY02(191224).EXE
C:\USERS\USER\DESKTOP\평일_박유진_C\WORKSPACE\DAY02(191224)\DEBUG\DAY02(191224).ILK
C:\USERS\USER\DESKTOP\평일_박유진_C\WORKSPACE\DAY02(191224)\DEBUG\DAY02(191224).PDB
