C:\Users\user\Desktop\평일_박유진_c\workspace\Day03(191216)\Day03(191216)\Debug\cl.command.1.tlog
C:\Users\user\Desktop\평일_박유진_c\workspace\Day03(191216)\Day03(191216)\Debug\CL.read.1.tlog
C:\Users\user\Desktop\평일_박유진_c\workspace\Day03(191216)\Day03(191216)\Debug\CL.write.1.tlog
C:\USERS\USER\DESKTOP\평일_박유진_C\WORKSPACE\DAY03(191216)\DAY03(191216)\DEBUG\DAY03(191216).EXE.EMBED.MANIFEST
C:\USERS\USER\DESKTOP\평일_박유진_C\WORKSPACE\DAY03(191216)\DAY03(191216)\DEBUG\DAY03(191216).EXE.EMBED.MANIFEST.RES
C:\USERS\USER\DESKTOP\평일_박유진_C\WORKSPACE\DAY03(191216)\DAY03(191216)\DEBUG\DAY03(191216).EXE.INTERMEDIATE.MANIFEST
C:\Users\user\Desktop\평일_박유진_c\workspace\Day03(191216)\Day03(191216)\Debug\Day03(191216).vcxprojResolveAssemblyReference.cache
C:\Users\user\Desktop\평일_박유진_c\workspace\Day03(191216)\Day03(191216)\Debug\Day03(191216).write.1.tlog
C:\Users\user\Desktop\평일_박유진_c\workspace\Day03(191216)\Day03(191216)\Debug\Day03(191216)_manifest.rc
C:\Users\user\Desktop\평일_박유진_c\workspace\Day03(191216)\Day03(191216)\Debug\link.11020.read.1.tlog
C:\Users\user\Desktop\평일_박유진_c\workspace\Day03(191216)\Day03(191216)\Debug\link.11020.write.1.tlog
C:\Users\user\Desktop\평일_박유진_c\workspace\Day03(191216)\Day03(191216)\Debug\link.11020-cvtres.read.1.tlog
C:\Users\user\Desktop\평일_박유진_c\workspace\Day03(191216)\Day03(191216)\Debug\link.11020-cvtres.write.1.tlog
C:\Users\user\Desktop\평일_박유진_c\workspace\Day03(191216)\Day03(191216)\Debug\link.11732.read.1.tlog
C:\Users\user\Desktop\평일_박유진_c\workspace\Day03(191216)\Day03(191216)\Debug\link.11732.write.1.tlog
C:\Users\user\Desktop\평일_박유진_c\workspace\Day03(191216)\Day03(191216)\Debug\link.11732-cvtres.read.1.tlog
C:\Users\user\Desktop\평일_박유진_c\workspace\Day03(191216)\Day03(191216)\Debug\link.11732-cvtres.write.1.tlog
C:\Users\user\Desktop\평일_박유진_c\workspace\Day03(191216)\Day03(191216)\Debug\link.8036.read.1.tlog
C:\Users\user\Desktop\평일_박유진_c\workspace\Day03(191216)\Day03(191216)\Debug\link.8036.write.1.tlog
C:\Users\user\Desktop\평일_박유진_c\workspace\Day03(191216)\Day03(191216)\Debug\link.8036-cvtres.read.1.tlog
C:\Users\user\Desktop\평일_박유진_c\workspace\Day03(191216)\Day03(191216)\Debug\link.8036-cvtres.write.1.tlog
C:\Users\user\Desktop\평일_박유진_c\workspace\Day03(191216)\Day03(191216)\Debug\link.8376.read.1.tlog
C:\Users\user\Desktop\평일_박유진_c\workspace\Day03(191216)\Day03(191216)\Debug\link.8376.write.1.tlog
C:\Users\user\Desktop\평일_박유진_c\workspace\Day03(191216)\Day03(191216)\Debug\link.8376-cvtres.read.1.tlog
C:\Users\user\Desktop\평일_박유진_c\workspace\Day03(191216)\Day03(191216)\Debug\link.8376-cvtres.write.1.tlog
C:\Users\user\Desktop\평일_박유진_c\workspace\Day03(191216)\Day03(191216)\Debug\link.command.1.tlog
C:\Users\user\Desktop\평일_박유진_c\workspace\Day03(191216)\Day03(191216)\Debug\link.read.1.tlog
C:\Users\user\Desktop\평일_박유진_c\workspace\Day03(191216)\Day03(191216)\Debug\link.write.1.tlog
C:\Users\user\Desktop\평일_박유진_c\workspace\Day03(191216)\Day03(191216)\Debug\link-cvtres.read.1.tlog
C:\Users\user\Desktop\평일_박유진_c\workspace\Day03(191216)\Day03(191216)\Debug\link-cvtres.write.1.tlog
C:\USERS\USER\DESKTOP\평일_박유진_C\WORKSPACE\DAY03(191216)\DAY03(191216)\DEBUG\MAIN.OBJ
C:\Users\user\Desktop\평일_박유진_c\workspace\Day03(191216)\Day03(191216)\Debug\mt.command.1.tlog
C:\Users\user\Desktop\평일_박유진_c\workspace\Day03(191216)\Day03(191216)\Debug\mt.read.1.tlog
C:\Users\user\Desktop\평일_박유진_c\workspace\Day03(191216)\Day03(191216)\Debug\mt.write.1.tlog
C:\Users\user\Desktop\평일_박유진_c\workspace\Day03(191216)\Day03(191216)\Debug\rc.command.1.tlog
C:\Users\user\Desktop\평일_박유진_c\workspace\Day03(191216)\Day03(191216)\Debug\rc.read.1.tlog
C:\Users\user\Desktop\평일_박유진_c\workspace\Day03(191216)\Day03(191216)\Debug\rc.write.1.tlog
C:\Users\user\Desktop\평일_박유진_c\workspace\Day03(191216)\Day03(191216)\Debug\vc100.idb
C:\USERS\USER\DESKTOP\평일_박유진_C\WORKSPACE\DAY03(191216)\DAY03(191216)\DEBUG\VC100.PDB
C:\USERS\USER\DESKTOP\평일_박유진_C\WORKSPACE\DAY03(191216)\DEBUG\DAY03(191216).EXE
C:\USERS\USER\DESKTOP\평일_박유진_C\WORKSPACE\DAY03(191216)\DEBUG\DAY03(191216).ILK
C:\USERS\USER\DESKTOP\평일_박유진_C\WORKSPACE\DAY03(191216)\DEBUG\DAY03(191216).PDB
