빌드 시작: 2020-01-14 오후 2:57:47
     1>2 노드의 "C:\Users\user\Desktop\평일_박유진_c\workspace\Day15(200115)\Day15(200115)\Day15(200115).vcxproj" 프로젝트(build 대상)입니다.
     1>InitializeBuildStatus:
         "Debug\Day15(200115).unsuccessfulbuild"에 연결(touching)하고 있습니다.
       ClCompile:
         C:\Program Files (x86)\Microsoft Visual Studio 10.0\VC\bin\CL.exe /c /ZI /nologo /W3 /WX- /Od /Oy- /D WIN32 /D _DEBUG /D _CONSOLE /D _UNICODE /D UNICODE /Gm /EHsc /RTC1 /MDd /GS /fp:precise /Zc:wchar_t /Zc:forScope /Fo"Debug\\" /Fd"Debug\vc100.pdb" /Gd /TC /analyze- /errorReport:prompt Main.c
         Main.c
     1>c:\users\user\desktop\평일_박유진_c\workspace\day15(200115)\day15(200115)\main.c(143): warning C4996: 'scanf': This function or variable may be unsafe. Consider using scanf_s instead. To disable deprecation, use _CRT_SECURE_NO_WARNINGS. See online help for details.
                 c:\program files (x86)\microsoft visual studio 10.0\vc\include\stdio.h(304) : 'scanf' 선언을 참조하십시오.
     1>c:\users\user\desktop\평일_박유진_c\workspace\day15(200115)\day15(200115)\main.c(147): warning C4996: 'scanf': This function or variable may be unsafe. Consider using scanf_s instead. To disable deprecation, use _CRT_SECURE_NO_WARNINGS. See online help for details.
                 c:\program files (x86)\microsoft visual studio 10.0\vc\include\stdio.h(304) : 'scanf' 선언을 참조하십시오.
     1>c:\users\user\desktop\평일_박유진_c\workspace\day15(200115)\day15(200115)\main.c(150): warning C4996: 'scanf': This function or variable may be unsafe. Consider using scanf_s instead. To disable deprecation, use _CRT_SECURE_NO_WARNINGS. See online help for details.
                 c:\program files (x86)\microsoft visual studio 10.0\vc\include\stdio.h(304) : 'scanf' 선언을 참조하십시오.
       ManifestResourceCompile:
         모든 출력이 최신 상태입니다.
       Link:
         C:\Program Files (x86)\Microsoft Visual Studio 10.0\VC\bin\link.exe /ERRORREPORT:PROMPT /OUT:"C:\Users\user\Desktop\평일_박유진_c\workspace\Day15(200115)\Debug\Day15(200115).exe" /INCREMENTAL /NOLOGO kernel32.lib user32.lib gdi32.lib winspool.lib comdlg32.lib advapi32.lib shell32.lib ole32.lib oleaut32.lib uuid.lib odbc32.lib odbccp32.lib /MANIFEST /ManifestFile:"Debug\Day15(200115).exe.intermediate.manifest" /MANIFESTUAC:"level='asInvoker' uiAccess='false'" /DEBUG /PDB:"C:\Users\user\Desktop\평일_박유진_c\workspace\Day15(200115)\Debug\Day15(200115).pdb" /SUBSYSTEM:CONSOLE /TLBID:1 /DYNAMICBASE /NXCOMPAT /IMPLIB:"C:\Users\user\Desktop\평일_박유진_c\workspace\Day15(200115)\Debug\Day15(200115).lib" /MACHINE:X86 "Debug\Day15(200115).exe.embed.manifest.res"
         Debug\Main.obj
       Manifest:
         C:\Program Files (x86)\Microsoft SDKs\Windows\v7.0A\bin\mt.exe /nologo /verbose /out:"Debug\Day15(200115).exe.embed.manifest" /manifest "Debug\Day15(200115).exe.intermediate.manifest"
         모든 출력이 최신 상태입니다.
       LinkEmbedManifest:
         모든 출력이 최신 상태입니다.
         Day15(200115).vcxproj -> C:\Users\user\Desktop\평일_박유진_c\workspace\Day15(200115)\Debug\Day15(200115).exe
       FinalizeBuildStatus:
         "Debug\Day15(200115).unsuccessfulbuild" 파일을 삭제하고 있습니다.
         "Debug\Day15(200115).lastbuildstate"에 연결(touching)하고 있습니다.
     1>"C:\Users\user\Desktop\평일_박유진_c\workspace\Day15(200115)\Day15(200115)\Day15(200115).vcxproj" 프로젝트를 빌드했습니다(build 대상).

빌드했습니다.

경과 시간: 00:00:00.42
