D:\C_LANG\DOCUMENT\1223\1223\DEBUG\1223.EXE.EMBED.MANIFEST
D:\C_LANG\DOCUMENT\1223\1223\DEBUG\1223.EXE.EMBED.MANIFEST.RES
D:\C_LANG\DOCUMENT\1223\1223\DEBUG\1223.EXE.INTERMEDIATE.MANIFEST
D:\C_Lang\Document\1223\1223\Debug\1223.write.1.tlog
D:\C_Lang\Document\1223\1223\Debug\1223_manifest.rc
D:\C_Lang\Document\1223\1223\Debug\cl.command.1.tlog
D:\C_Lang\Document\1223\1223\Debug\CL.read.1.tlog
D:\C_Lang\Document\1223\1223\Debug\CL.write.1.tlog
D:\C_Lang\Document\1223\1223\Debug\link.7796.read.1.tlog
D:\C_Lang\Document\1223\1223\Debug\link.7796.write.1.tlog
D:\C_Lang\Document\1223\1223\Debug\link.7796-cvtres.read.1.tlog
D:\C_Lang\Document\1223\1223\Debug\link.7796-cvtres.write.1.tlog
D:\C_Lang\Document\1223\1223\Debug\link.command.1.tlog
D:\C_Lang\Document\1223\1223\Debug\link.read.1.tlog
D:\C_Lang\Document\1223\1223\Debug\link.write.1.tlog
D:\C_Lang\Document\1223\1223\Debug\link-cvtres.read.1.tlog
D:\C_Lang\Document\1223\1223\Debug\link-cvtres.write.1.tlog
D:\C_LANG\DOCUMENT\1223\1223\DEBUG\MAIN.OBJ
D:\C_Lang\Document\1223\1223\Debug\mt.command.1.tlog
D:\C_Lang\Document\1223\1223\Debug\mt.read.1.tlog
D:\C_Lang\Document\1223\1223\Debug\mt.write.1.tlog
D:\C_Lang\Document\1223\1223\Debug\rc.command.1.tlog
D:\C_Lang\Document\1223\1223\Debug\rc.read.1.tlog
D:\C_Lang\Document\1223\1223\Debug\rc.write.1.tlog
D:\C_Lang\Document\1223\1223\Debug\vc100.idb
D:\C_LANG\DOCUMENT\1223\1223\DEBUG\VC100.PDB
D:\C_LANG\DOCUMENT\1223\DEBUG\1223.EXE
D:\C_LANG\DOCUMENT\1223\DEBUG\1223.ILK
D:\C_LANG\DOCUMENT\1223\DEBUG\1223.PDB
